<?xml version="1.0" encoding="UTF-8"?>
<testsuite xmlns:xsi="http://www.w3.org/2001/XMLSchema-instance" xsi:noNamespaceSchemaLocation="https://maven.apache.org/surefire/maven-surefire-plugin/xsd/surefire-test-report.xsd" version="3.0.2" name="AlphabetTest" time="0.056" tests="6" errors="0" skipped="0" failures="0">
  <properties>
[...]
</properties>
  <testcase name="shouldReturnCorrectLetterByIndex" classname="AlphabetTest" time="0.022"/>
  <testcase name="shouldReturnCorrectSize" classname="AlphabetTest" time="0.003"/>
  <testcase name="shouldThrowExceptionForNegativeIndex" classname="AlphabetTest" time="0.002"/>
  <testcase name="shouldThrowExceptionForTooLargeIndex" classname="AlphabetTest" time="0.002"/>
  <testcase name="shouldReturnMinusOneIfUnknownChar" classname="AlphabetTest" time="0.001"/>
  <testcase name="shouldReturnCorrectIndexForLetter" classname="AlphabetTest" time="0.001"/>
</testsuite>